2021-05-06T19:41:14+00:00 INFO Array
(
    [Webhook Delivery] => Array
        (
            [Delivery ID] => 2261865688486bc63db6d0c4c962e9a5
            [Date] => 6 de maio de 2021 @ 19:41
            [URL] => https://www.bling.com.br/Api/v2/webhook/woocommerce/203611302/orders
            [Duration] => 8.93745
            [Request] => Array
                (
                    [Method] => POST
                    [Headers] => Array
                        (
                            [User-Agent] => WooCommerce/5.2.2 Hookshot (WordPress/5.7.1)
                            [Content-Type] => application/json
                            [X-WC-Webhook-Source] => https://cspcursos.online/
                            [X-WC-Webhook-Topic] => order.created
                            [X-WC-Webhook-Resource] => order
                            [X-WC-Webhook-Event] => created
                            [X-WC-Webhook-Signature] => Vsj/zfAQbVASZaXJuR84Dgc7/GaPevcHX6YG0zK3m/Q=
                            [X-WC-Webhook-ID] => 7
                            [X-WC-Webhook-Delivery-ID] => 2261865688486bc63db6d0c4c962e9a5
                        )

                )

            [Body] => Webhook body is not logged unless WP_DEBUG mode is turned on. This is to avoid the storing of personal data in the logs.
            [Response] => Array
                (
                    [Code] => 200
                    [Message] => OK
                    [Headers] => Requests_Utility_CaseInsensitiveDictionary Object
                        (
                            [data:protected] => Array
                                (
                                    [date] => Thu, 06 May 2021 19:41:14 GMT
                                    [content-type] => application/xml
                                    [content-length] => 180
                                    [set-cookie] => __cfduid=da2df8f25d046a1e5352fdfdd482356841620330066; expires=Sat, 05-Jun-21 19:41:06 GMT; path=/; domain=.bling.com.br; HttpOnly; SameSite=Lax
                                    [content-encoding] => gzip
                                    [vary] => Accept-Encoding
                                    [cache-control] => no-cache, public, must-revalidate, max-age=2592000
                                    [cf-cache-status] => DYNAMIC
                                    [cf-request-id] => 09e4cbc9a10000c1cf70b4a000000001
                                    [expect-ct] => max-age=604800, report-uri="https://report-uri.cloudflare.com/cdn-cgi/beacon/expect-ct"
                                    [server] => cloudflare
                                    [cf-ray] => 64b4af229c77c1cf-IAD
                                    [alt-svc] => h3-27=":443"; ma=86400, h3-28=":443"; ma=86400, h3-29=":443"; ma=86400
                                )

                        )

                    [Body] => Webhook body is not logged unless WP_DEBUG mode is turned on. This is to avoid the storing of personal data in the logs.
                )

        )

)

2021-05-06T19:41:15+00:00 INFO Array
(
    [Webhook Delivery] => Array
        (
            [Delivery ID] => 85aa9843151f289a53ee2bd776b7b4e1
            [Date] => 6 de maio de 2021 @ 19:41
            [URL] => https://www.bling.com.br/Api/v2/webhook/woocommerce/203611302/orders
            [Duration] => 0.29188
            [Request] => Array
                (
                    [Method] => POST
                    [Headers] => Array
                        (
                            [User-Agent] => WooCommerce/5.2.2 Hookshot (WordPress/5.7.1)
                            [Content-Type] => application/json
                            [X-WC-Webhook-Source] => https://cspcursos.online/
                            [X-WC-Webhook-Topic] => order.created
                            [X-WC-Webhook-Resource] => order
                            [X-WC-Webhook-Event] => created
                            [X-WC-Webhook-Signature] => zxqnm48MAZPcCytQPhYm6m6OkoCSy7tWSCCFJcBK0+o=
                            [X-WC-Webhook-ID] => 3
                            [X-WC-Webhook-Delivery-ID] => 85aa9843151f289a53ee2bd776b7b4e1
                        )

                )

            [Body] => Webhook body is not logged unless WP_DEBUG mode is turned on. This is to avoid the storing of personal data in the logs.
            [Response] => Array
                (
                    [Code] => 200
                    [Message] => OK
                    [Headers] => Requests_Utility_CaseInsensitiveDictionary Object
                        (
                            [data:protected] => Array
                                (
                                    [date] => Thu, 06 May 2021 19:41:14 GMT
                                    [content-type] => application/xml
                                    [content-length] => 179
                                    [set-cookie] => __cfduid=d17971c6220f254b22985a4f926c880351620330074; expires=Sat, 05-Jun-21 19:41:14 GMT; path=/; domain=.bling.com.br; HttpOnly; SameSite=Lax
                                    [content-encoding] => gzip
                                    [vary] => Accept-Encoding
                                    [cache-control] => no-cache, public, must-revalidate, max-age=2592000
                                    [cf-cache-status] => DYNAMIC
                                    [cf-request-id] => 09e4cbea9b00005a758ca57000000001
                                    [expect-ct] => max-age=604800, report-uri="https://report-uri.cloudflare.com/cdn-cgi/beacon/expect-ct"
                                    [server] => cloudflare
                                    [cf-ray] => 64b4af575b2c5a75-IAD
                                    [alt-svc] => h3-27=":443"; ma=86400, h3-28=":443"; ma=86400, h3-29=":443"; ma=86400
                                )

                        )

                    [Body] => Webhook body is not logged unless WP_DEBUG mode is turned on. This is to avoid the storing of personal data in the logs.
                )

        )

)

2021-05-06T19:45:32+00:00 INFO Array
(
    [Webhook Delivery] => Array
        (
            [Delivery ID] => d6166ca6a5d0defc69dc82d3ae355c56
            [Date] => 6 de maio de 2021 @ 19:45
            [URL] => https://www.bling.com.br/Api/v2/webhook/woocommerce/203611302/orders
            [Duration] => 3.42002
            [Request] => Array
                (
                    [Method] => POST
                    [Headers] => Array
                        (
                            [User-Agent] => WooCommerce/5.2.2 Hookshot (WordPress/5.7.1)
                            [Content-Type] => application/json
                            [X-WC-Webhook-Source] => https://cspcursos.online/
                            [X-WC-Webhook-Topic] => order.updated
                            [X-WC-Webhook-Resource] => order
                            [X-WC-Webhook-Event] => updated
                            [X-WC-Webhook-Signature] => 7VMAlwA8/A0Cdm+tG4/TvekSCQHkSU1PU0CDfu1vnrQ=
                            [X-WC-Webhook-ID] => 8
                            [X-WC-Webhook-Delivery-ID] => d6166ca6a5d0defc69dc82d3ae355c56
                        )

                )

            [Body] => Webhook body is not logged unless WP_DEBUG mode is turned on. This is to avoid the storing of personal data in the logs.
            [Response] => Array
                (
                    [Code] => 200
                    [Message] => OK
                    [Headers] => Requests_Utility_CaseInsensitiveDictionary Object
                        (
                            [data:protected] => Array
                                (
                                    [date] => Thu, 06 May 2021 19:45:32 GMT
                                    [content-type] => application/xml
                                    [content-length] => 180
                                    [set-cookie] => __cfduid=d82ebe18bd4c7590f8e106f9f6a2ed67d1620330329; expires=Sat, 05-Jun-21 19:45:29 GMT; path=/; domain=.bling.com.br; HttpOnly; SameSite=Lax
                                    [content-encoding] => gzip
                                    [vary] => Accept-Encoding
                                    [cache-control] => no-cache, public, must-revalidate, max-age=2592000
                                    [cf-cache-status] => DYNAMIC
                                    [cf-request-id] => 09e4cfcc0000005a644222b000000001
                                    [expect-ct] => max-age=604800, report-uri="https://report-uri.cloudflare.com/cdn-cgi/beacon/expect-ct"
                                    [server] => cloudflare
                                    [cf-ray] => 64b4b58cce805a64-IAD
                                    [alt-svc] => h3-27=":443"; ma=86400, h3-28=":443"; ma=86400, h3-29=":443"; ma=86400
                                )

                        )

                    [Body] => Webhook body is not logged unless WP_DEBUG mode is turned on. This is to avoid the storing of personal data in the logs.
                )

        )

)

2021-05-06T19:45:32+00:00 INFO Array
(
    [Webhook Delivery] => Array
        (
            [Delivery ID] => 71587f4ab999f29197f76e3fa34bc835
            [Date] => 6 de maio de 2021 @ 19:45
            [URL] => https://www.bling.com.br/Api/v2/webhook/woocommerce/203611302/orders
            [Duration] => 0.82982
            [Request] => Array
                (
                    [Method] => POST
                    [Headers] => Array
                        (
                            [User-Agent] => WooCommerce/5.2.2 Hookshot (WordPress/5.7.1)
                            [Content-Type] => application/json
                            [X-WC-Webhook-Source] => https://cspcursos.online/
                            [X-WC-Webhook-Topic] => order.updated
                            [X-WC-Webhook-Resource] => order
                            [X-WC-Webhook-Event] => updated
                            [X-WC-Webhook-Signature] => damzsMddJuS83VJgqU9E92SsePamDt1yBGVxe2tE09s=
                            [X-WC-Webhook-ID] => 4
                            [X-WC-Webhook-Delivery-ID] => 71587f4ab999f29197f76e3fa34bc835
                        )

                )

            [Body] => Webhook body is not logged unless WP_DEBUG mode is turned on. This is to avoid the storing of personal data in the logs.
            [Response] => Array
                (
                    [Code] => 200
                    [Message] => OK
                    [Headers] => Requests_Utility_CaseInsensitiveDictionary Object
                        (
                            [data:protected] => Array
                                (
                                    [date] => Thu, 06 May 2021 19:45:32 GMT
                                    [content-type] => application/xml
                                    [content-length] => 179
                                    [set-cookie] => __cfduid=ddb8f2d852d1313b78ded7410f1bae0bc1620330332; expires=Sat, 05-Jun-21 19:45:32 GMT; path=/; domain=.bling.com.br; HttpOnly; SameSite=Lax
                                    [content-encoding] => gzip
                                    [vary] => Accept-Encoding
                                    [cache-control] => no-cache, public, must-revalidate, max-age=2592000
                                    [cf-cache-status] => DYNAMIC
                                    [cf-request-id] => 09e4cfd7fa00005ecd022ef000000001
                                    [expect-ct] => max-age=604800, report-uri="https://report-uri.cloudflare.com/cdn-cgi/beacon/expect-ct"
                                    [server] => cloudflare
                                    [cf-ray] => 64b4b59ffae55ecd-IAD
                                    [alt-svc] => h3-27=":443"; ma=86400, h3-28=":443"; ma=86400, h3-29=":443"; ma=86400
                                )

                        )

                    [Body] => Webhook body is not logged unless WP_DEBUG mode is turned on. This is to avoid the storing of personal data in the logs.
                )

        )

)

