2021-04-03T15:12:57+00:00 INFO Array
(
    [Webhook Delivery] => Array
        (
            [Delivery ID] => bd84342186c3941ede01b996335fb188
            [Date] => 3 de abril de 2021 @ 15:12
            [URL] => https://www.bling.com.br/Api/v2/webhook/woocommerce/203611302/orders
            [Duration] => 6.11655
            [Request] => Array
                (
                    [Method] => POST
                    [Headers] => Array
                        (
                            [User-Agent] => WooCommerce/5.0.0 Hookshot (WordPress/5.6.2)
                            [Content-Type] => application/json
                            [X-WC-Webhook-Source] => https://cspcursos.online/
                            [X-WC-Webhook-Topic] => order.created
                            [X-WC-Webhook-Resource] => order
                            [X-WC-Webhook-Event] => created
                            [X-WC-Webhook-Signature] => o3ZF/4I4sxtAKUjiYZXjZ1G5K0otfaiVp1yN+EdnJOY=
                            [X-WC-Webhook-ID] => 7
                            [X-WC-Webhook-Delivery-ID] => bd84342186c3941ede01b996335fb188
                        )

                )

            [Body] => Webhook body is not logged unless WP_DEBUG mode is turned on. This is to avoid the storing of personal data in the logs.
            [Response] => Array
                (
                    [Code] => 200
                    [Message] => OK
                    [Headers] => Requests_Utility_CaseInsensitiveDictionary Object
                        (
                            [data:protected] => Array
                                (
                                    [date] => Sat, 03 Apr 2021 15:12:57 GMT
                                    [content-type] => application/xml
                                    [content-length] => 181
                                    [set-cookie] => __cfduid=de1703cd7b9c2bfb28bb7dc166b2aaf3e1617462771; expires=Mon, 03-May-21 15:12:51 GMT; path=/; domain=.bling.com.br; HttpOnly; SameSite=Lax
                                    [content-encoding] => gzip
                                    [vary] => Accept-Encoding
                                    [cache-control] => no-cache, public, must-revalidate, max-age=2592000
                                    [cf-cache-status] => DYNAMIC
                                    [cf-request-id] => 0939e45739000057ea4f14a000000001
                                    [expect-ct] => max-age=604800, report-uri="https://report-uri.cloudflare.com/cdn-cgi/beacon/expect-ct"
                                    [server] => cloudflare
                                    [cf-ray] => 63a33cd1fe0f57ea-IAD
                                    [alt-svc] => h3-27=":443"; ma=86400, h3-28=":443"; ma=86400, h3-29=":443"; ma=86400
                                )

                        )

                    [Body] => Webhook body is not logged unless WP_DEBUG mode is turned on. This is to avoid the storing of personal data in the logs.
                )

        )

)

2021-04-03T15:12:57+00:00 INFO Array
(
    [Webhook Delivery] => Array
        (
            [Delivery ID] => b50b20950ec80c46ca70aa756e7fd9a7
            [Date] => 3 de abril de 2021 @ 15:12
            [URL] => https://www.bling.com.br/Api/v2/webhook/woocommerce/203611302/orders
            [Duration] => 0.41739
            [Request] => Array
                (
                    [Method] => POST
                    [Headers] => Array
                        (
                            [User-Agent] => WooCommerce/5.0.0 Hookshot (WordPress/5.6.2)
                            [Content-Type] => application/json
                            [X-WC-Webhook-Source] => https://cspcursos.online/
                            [X-WC-Webhook-Topic] => order.created
                            [X-WC-Webhook-Resource] => order
                            [X-WC-Webhook-Event] => created
                            [X-WC-Webhook-Signature] => V4SwEAeTJHpXf5A0uTqUvd4XFG/nFlhQFC98m+myH4k=
                            [X-WC-Webhook-ID] => 3
                            [X-WC-Webhook-Delivery-ID] => b50b20950ec80c46ca70aa756e7fd9a7
                        )

                )

            [Body] => Webhook body is not logged unless WP_DEBUG mode is turned on. This is to avoid the storing of personal data in the logs.
            [Response] => Array
                (
                    [Code] => 200
                    [Message] => OK
                    [Headers] => Requests_Utility_CaseInsensitiveDictionary Object
                        (
                            [data:protected] => Array
                                (
                                    [date] => Sat, 03 Apr 2021 15:12:57 GMT
                                    [content-type] => application/xml
                                    [content-length] => 179
                                    [set-cookie] => __cfduid=d622cf208ffcdfa6c3483b1d27c8a37b21617462777; expires=Mon, 03-May-21 15:12:57 GMT; path=/; domain=.bling.com.br; HttpOnly; SameSite=Lax
                                    [content-encoding] => gzip
                                    [vary] => Accept-Encoding
                                    [cache-control] => no-cache, public, must-revalidate, max-age=2592000
                                    [cf-cache-status] => DYNAMIC
                                    [cf-request-id] => 0939e46e120000594f048ee000000001
                                    [expect-ct] => max-age=604800, report-uri="https://report-uri.cloudflare.com/cdn-cgi/beacon/expect-ct"
                                    [server] => cloudflare
                                    [cf-ray] => 63a33cf68ba2594f-IAD
                                    [alt-svc] => h3-27=":443"; ma=86400, h3-28=":443"; ma=86400, h3-29=":443"; ma=86400
                                )

                        )

                    [Body] => Webhook body is not logged unless WP_DEBUG mode is turned on. This is to avoid the storing of personal data in the logs.
                )

        )

)

2021-04-03T15:12:57+00:00 INFO Array
(
    [Webhook Delivery] => Array
        (
            [Delivery ID] => a7007921073c852d08cce26bd8db29ee
            [Date] => 3 de abril de 2021 @ 15:12
            [URL] => https://www.bling.com.br/Api/v2/webhook/woocommerce/203611302/orders
            [Duration] => 0.28656
            [Request] => Array
                (
                    [Method] => POST
                    [Headers] => Array
                        (
                            [User-Agent] => WooCommerce/5.0.0 Hookshot (WordPress/5.6.2)
                            [Content-Type] => application/json
                            [X-WC-Webhook-Source] => https://cspcursos.online/
                            [X-WC-Webhook-Topic] => order.updated
                            [X-WC-Webhook-Resource] => order
                            [X-WC-Webhook-Event] => updated
                            [X-WC-Webhook-Signature] => whGHpgGk1LL/YeVIhYAvj08VUnY5ZYHPEs+OazryG5Y=
                            [X-WC-Webhook-ID] => 8
                            [X-WC-Webhook-Delivery-ID] => a7007921073c852d08cce26bd8db29ee
                        )

                )

            [Body] => Webhook body is not logged unless WP_DEBUG mode is turned on. This is to avoid the storing of personal data in the logs.
            [Response] => Array
                (
                    [Code] => 200
                    [Message] => OK
                    [Headers] => Requests_Utility_CaseInsensitiveDictionary Object
                        (
                            [data:protected] => Array
                                (
                                    [date] => Sat, 03 Apr 2021 15:12:57 GMT
                                    [content-type] => application/xml
                                    [content-length] => 177
                                    [set-cookie] => __cfduid=d2aff4718bc09ab56277acedfbea7eef21617462777; expires=Mon, 03-May-21 15:12:57 GMT; path=/; domain=.bling.com.br; HttpOnly; SameSite=Lax
                                    [content-encoding] => gzip
                                    [vary] => Accept-Encoding
                                    [cache-control] => no-cache, public, must-revalidate, max-age=2592000
                                    [cf-cache-status] => DYNAMIC
                                    [cf-request-id] => 0939e46f320000381155121000000001
                                    [expect-ct] => max-age=604800, report-uri="https://report-uri.cloudflare.com/cdn-cgi/beacon/expect-ct"
                                    [server] => cloudflare
                                    [cf-ray] => 63a33cf8588e3811-IAD
                                    [alt-svc] => h3-27=":443"; ma=86400, h3-28=":443"; ma=86400, h3-29=":443"; ma=86400
                                )

                        )

                    [Body] => Webhook body is not logged unless WP_DEBUG mode is turned on. This is to avoid the storing of personal data in the logs.
                )

        )

)

2021-04-03T15:12:58+00:00 INFO Array
(
    [Webhook Delivery] => Array
        (
            [Delivery ID] => cd27e47a7075eb52029cfcf227039b26
            [Date] => 3 de abril de 2021 @ 15:12
            [URL] => https://www.bling.com.br/Api/v2/webhook/woocommerce/203611302/orders
            [Duration] => 0.28318
            [Request] => Array
                (
                    [Method] => POST
                    [Headers] => Array
                        (
                            [User-Agent] => WooCommerce/5.0.0 Hookshot (WordPress/5.6.2)
                            [Content-Type] => application/json
                            [X-WC-Webhook-Source] => https://cspcursos.online/
                            [X-WC-Webhook-Topic] => order.updated
                            [X-WC-Webhook-Resource] => order
                            [X-WC-Webhook-Event] => updated
                            [X-WC-Webhook-Signature] => a/rD7OqaHu9qIogt/E7Q7imSi7eeDc4qvIKMAnPEams=
                            [X-WC-Webhook-ID] => 4
                            [X-WC-Webhook-Delivery-ID] => cd27e47a7075eb52029cfcf227039b26
                        )

                )

            [Body] => Webhook body is not logged unless WP_DEBUG mode is turned on. This is to avoid the storing of personal data in the logs.
            [Response] => Array
                (
                    [Code] => 200
                    [Message] => OK
                    [Headers] => Requests_Utility_CaseInsensitiveDictionary Object
                        (
                            [data:protected] => Array
                                (
                                    [date] => Sat, 03 Apr 2021 15:12:58 GMT
                                    [content-type] => application/xml
                                    [content-length] => 179
                                    [set-cookie] => __cfduid=df633267c39d92ec6002a72d8c673504b1617462777; expires=Mon, 03-May-21 15:12:57 GMT; path=/; domain=.bling.com.br; HttpOnly; SameSite=Lax
                                    [content-encoding] => gzip
                                    [vary] => Accept-Encoding
                                    [cache-control] => no-cache, public, must-revalidate, max-age=2592000
                                    [cf-cache-status] => DYNAMIC
                                    [cf-request-id] => 0939e4704e00005dda1aa1c000000001
                                    [expect-ct] => max-age=604800, report-uri="https://report-uri.cloudflare.com/cdn-cgi/beacon/expect-ct"
                                    [server] => cloudflare
                                    [cf-ray] => 63a33cfa18655dda-IAD
                                    [alt-svc] => h3-27=":443"; ma=86400, h3-28=":443"; ma=86400, h3-29=":443"; ma=86400
                                )

                        )

                    [Body] => Webhook body is not logged unless WP_DEBUG mode is turned on. This is to avoid the storing of personal data in the logs.
                )

        )

)

