2021-04-27T00:47:59+00:00 INFO Array
(
    [Webhook Delivery] => Array
        (
            [Delivery ID] => b824eb9e82236101f0e3520d19512cd5
            [Date] => 27 de abril de 2021 @ 00:47
            [URL] => https://www.bling.com.br/Api/v2/webhook/woocommerce/203611302/orders
            [Duration] => 5.18839
            [Request] => Array
                (
                    [Method] => POST
                    [Headers] => Array
                        (
                            [User-Agent] => WooCommerce/5.2.2 Hookshot (WordPress/5.7.1)
                            [Content-Type] => application/json
                            [X-WC-Webhook-Source] => https://cspcursos.online/
                            [X-WC-Webhook-Topic] => order.created
                            [X-WC-Webhook-Resource] => order
                            [X-WC-Webhook-Event] => created
                            [X-WC-Webhook-Signature] => V/u1vvI6D4CrB4rTnHAPQu68R/MDRBcjwY4PwKULoWg=
                            [X-WC-Webhook-ID] => 7
                            [X-WC-Webhook-Delivery-ID] => b824eb9e82236101f0e3520d19512cd5
                        )

                )

            [Body] => Webhook body is not logged unless WP_DEBUG mode is turned on. This is to avoid the storing of personal data in the logs.
            [Response] => Array
                (
                    [Code] => 200
                    [Message] => OK
                    [Headers] => Requests_Utility_CaseInsensitiveDictionary Object
                        (
                            [data:protected] => Array
                                (
                                    [date] => Tue, 27 Apr 2021 00:47:59 GMT
                                    [content-type] => application/xml
                                    [content-length] => 182
                                    [set-cookie] => __cfduid=d3447955a81a4c9d9a184c1f61d0e75091619484474; expires=Thu, 27-May-21 00:47:54 GMT; path=/; domain=.bling.com.br; HttpOnly; SameSite=Lax
                                    [content-encoding] => gzip
                                    [vary] => Accept-Encoding
                                    [cache-control] => no-cache, public, must-revalidate, max-age=2592000
                                    [cf-cache-status] => DYNAMIC
                                    [cf-request-id] => 09b26514d200005a035ea92000000001
                                    [expect-ct] => max-age=604800, report-uri="https://report-uri.cloudflare.com/cdn-cgi/beacon/expect-ct"
                                    [server] => cloudflare
                                    [cf-ray] => 64640ace19d05a03-IAD
                                    [alt-svc] => h3-27=":443"; ma=86400, h3-28=":443"; ma=86400, h3-29=":443"; ma=86400
                                )

                        )

                    [Body] => Webhook body is not logged unless WP_DEBUG mode is turned on. This is to avoid the storing of personal data in the logs.
                )

        )

)

2021-04-27T00:48:01+00:00 INFO Array
(
    [Webhook Delivery] => Array
        (
            [Delivery ID] => ab807b8417a9a613b58191bcb17ba93c
            [Date] => 27 de abril de 2021 @ 00:48
            [URL] => https://www.bling.com.br/Api/v2/webhook/woocommerce/203611302/orders
            [Duration] => 2.25291
            [Request] => Array
                (
                    [Method] => POST
                    [Headers] => Array
                        (
                            [User-Agent] => WooCommerce/5.2.2 Hookshot (WordPress/5.7.1)
                            [Content-Type] => application/json
                            [X-WC-Webhook-Source] => https://cspcursos.online/
                            [X-WC-Webhook-Topic] => order.created
                            [X-WC-Webhook-Resource] => order
                            [X-WC-Webhook-Event] => created
                            [X-WC-Webhook-Signature] => p3iGSf0pYKe6bTgtL2RmBScZLfjFccH85qEFYoyAudU=
                            [X-WC-Webhook-ID] => 3
                            [X-WC-Webhook-Delivery-ID] => ab807b8417a9a613b58191bcb17ba93c
                        )

                )

            [Body] => Webhook body is not logged unless WP_DEBUG mode is turned on. This is to avoid the storing of personal data in the logs.
            [Response] => Array
                (
                    [Code] => 200
                    [Message] => OK
                    [Headers] => Requests_Utility_CaseInsensitiveDictionary Object
                        (
                            [data:protected] => Array
                                (
                                    [date] => Tue, 27 Apr 2021 00:48:01 GMT
                                    [content-type] => application/xml
                                    [content-length] => 179
                                    [set-cookie] => __cfduid=d04aef63cd64ce9c1e3e6ac75355db5a91619484479; expires=Thu, 27-May-21 00:47:59 GMT; path=/; domain=.bling.com.br; HttpOnly; SameSite=Lax
                                    [content-encoding] => gzip
                                    [vary] => Accept-Encoding
                                    [cache-control] => no-cache, public, must-revalidate, max-age=2592000
                                    [cf-cache-status] => DYNAMIC
                                    [cf-request-id] => 09b2652848000026b36427f000000001
                                    [expect-ct] => max-age=604800, report-uri="https://report-uri.cloudflare.com/cdn-cgi/beacon/expect-ct"
                                    [server] => cloudflare
                                    [cf-ray] => 64640aed3c1d26b3-MSP
                                    [alt-svc] => h3-27=":443"; ma=86400, h3-28=":443"; ma=86400, h3-29=":443"; ma=86400
                                )

                        )

                    [Body] => Webhook body is not logged unless WP_DEBUG mode is turned on. This is to avoid the storing of personal data in the logs.
                )

        )

)

2021-04-27T00:48:02+00:00 INFO Array
(
    [Webhook Delivery] => Array
        (
            [Delivery ID] => bcf2c175d8babee61c9904f93cd34062
            [Date] => 27 de abril de 2021 @ 00:48
            [URL] => https://www.bling.com.br/Api/v2/webhook/woocommerce/203611302/orders
            [Duration] => 0.88945
            [Request] => Array
                (
                    [Method] => POST
                    [Headers] => Array
                        (
                            [User-Agent] => WooCommerce/5.2.2 Hookshot (WordPress/5.7.1)
                            [Content-Type] => application/json
                            [X-WC-Webhook-Source] => https://cspcursos.online/
                            [X-WC-Webhook-Topic] => order.updated
                            [X-WC-Webhook-Resource] => order
                            [X-WC-Webhook-Event] => updated
                            [X-WC-Webhook-Signature] => mFwg+RhaoKY2m56Llczvf0BRD2K0FZMh0jeLGDgwUbk=
                            [X-WC-Webhook-ID] => 8
                            [X-WC-Webhook-Delivery-ID] => bcf2c175d8babee61c9904f93cd34062
                        )

                )

            [Body] => Webhook body is not logged unless WP_DEBUG mode is turned on. This is to avoid the storing of personal data in the logs.
            [Response] => Array
                (
                    [Code] => 200
                    [Message] => OK
                    [Headers] => Requests_Utility_CaseInsensitiveDictionary Object
                        (
                            [data:protected] => Array
                                (
                                    [date] => Tue, 27 Apr 2021 00:48:02 GMT
                                    [content-type] => application/xml
                                    [content-length] => 180
                                    [set-cookie] => __cfduid=d5fdeec29dce96b0ff2a79c226bf559fe1619484481; expires=Thu, 27-May-21 00:48:01 GMT; path=/; domain=.bling.com.br; HttpOnly; SameSite=Lax
                                    [content-encoding] => gzip
                                    [vary] => Accept-Encoding
                                    [cache-control] => no-cache, public, must-revalidate, max-age=2592000
                                    [cf-cache-status] => DYNAMIC
                                    [cf-request-id] => 09b26531690000cee0e8a98000000001
                                    [expect-ct] => max-age=604800, report-uri="https://report-uri.cloudflare.com/cdn-cgi/beacon/expect-ct"
                                    [server] => cloudflare
                                    [cf-ray] => 64640afbdcd9cee0-IAD
                                    [alt-svc] => h3-27=":443"; ma=86400, h3-28=":443"; ma=86400, h3-29=":443"; ma=86400
                                )

                        )

                    [Body] => Webhook body is not logged unless WP_DEBUG mode is turned on. This is to avoid the storing of personal data in the logs.
                )

        )

)

2021-04-27T00:48:03+00:00 INFO Array
(
    [Webhook Delivery] => Array
        (
            [Delivery ID] => 85a4e7d7f47c734765d07fc5c6e35c28
            [Date] => 27 de abril de 2021 @ 00:48
            [URL] => https://www.bling.com.br/Api/v2/webhook/woocommerce/203611302/orders
            [Duration] => 0.38369
            [Request] => Array
                (
                    [Method] => POST
                    [Headers] => Array
                        (
                            [User-Agent] => WooCommerce/5.2.2 Hookshot (WordPress/5.7.1)
                            [Content-Type] => application/json
                            [X-WC-Webhook-Source] => https://cspcursos.online/
                            [X-WC-Webhook-Topic] => order.updated
                            [X-WC-Webhook-Resource] => order
                            [X-WC-Webhook-Event] => updated
                            [X-WC-Webhook-Signature] => T8SS0M+IhVxEHDVYs7TaEzpVHolgE9RpT0N6R/WwvjQ=
                            [X-WC-Webhook-ID] => 4
                            [X-WC-Webhook-Delivery-ID] => 85a4e7d7f47c734765d07fc5c6e35c28
                        )

                )

            [Body] => Webhook body is not logged unless WP_DEBUG mode is turned on. This is to avoid the storing of personal data in the logs.
            [Response] => Array
                (
                    [Code] => 200
                    [Message] => OK
                    [Headers] => Requests_Utility_CaseInsensitiveDictionary Object
                        (
                            [data:protected] => Array
                                (
                                    [date] => Tue, 27 Apr 2021 00:48:03 GMT
                                    [content-type] => application/xml
                                    [content-length] => 179
                                    [set-cookie] => __cfduid=ddedc0389d86c89d2b2227867537aa9e81619484482; expires=Thu, 27-May-21 00:48:02 GMT; path=/; domain=.bling.com.br; HttpOnly; SameSite=Lax
                                    [content-encoding] => gzip
                                    [vary] => Accept-Encoding
                                    [cache-control] => no-cache, public, must-revalidate, max-age=2592000
                                    [cf-cache-status] => DYNAMIC
                                    [cf-request-id] => 09b26534a500005e41390d9000000001
                                    [expect-ct] => max-age=604800, report-uri="https://report-uri.cloudflare.com/cdn-cgi/beacon/expect-ct"
                                    [server] => cloudflare
                                    [cf-ray] => 64640b010e825e41-IAD
                                    [alt-svc] => h3-27=":443"; ma=86400, h3-28=":443"; ma=86400, h3-29=":443"; ma=86400
                                )

                        )

                    [Body] => Webhook body is not logged unless WP_DEBUG mode is turned on. This is to avoid the storing of personal data in the logs.
                )

        )

)

2021-04-27T15:16:53+00:00 INFO Array
(
    [Webhook Delivery] => Array
        (
            [Delivery ID] => 597babe205435522133473d1c57d23ad
            [Date] => 27 de abril de 2021 @ 15:16
            [URL] => https://www.bling.com.br/Api/v2/webhook/woocommerce/203611302/orders
            [Duration] => 1.69695
            [Request] => Array
                (
                    [Method] => POST
                    [Headers] => Array
                        (
                            [User-Agent] => WooCommerce/5.2.2 Hookshot (WordPress/5.7.1)
                            [Content-Type] => application/json
                            [X-WC-Webhook-Source] => https://cspcursos.online/
                            [X-WC-Webhook-Topic] => order.updated
                            [X-WC-Webhook-Resource] => order
                            [X-WC-Webhook-Event] => updated
                            [X-WC-Webhook-Signature] => FbcTP19mgxmCd2pQ8mDymYW0i+Ta30LbP/QNhTE4hbo=
                            [X-WC-Webhook-ID] => 8
                            [X-WC-Webhook-Delivery-ID] => 597babe205435522133473d1c57d23ad
                        )

                )

            [Body] => Webhook body is not logged unless WP_DEBUG mode is turned on. This is to avoid the storing of personal data in the logs.
            [Response] => Array
                (
                    [Code] => 200
                    [Message] => OK
                    [Headers] => Requests_Utility_CaseInsensitiveDictionary Object
                        (
                            [data:protected] => Array
                                (
                                    [date] => Tue, 27 Apr 2021 15:16:53 GMT
                                    [content-type] => application/xml
                                    [content-length] => 180
                                    [set-cookie] => __cfduid=d5d8514c5f19d69b523ce28e7d564d5051619536612; expires=Thu, 27-May-21 15:16:52 GMT; path=/; domain=.bling.com.br; HttpOnly; SameSite=Lax
                                    [content-encoding] => gzip
                                    [vary] => Accept-Encoding
                                    [cache-control] => no-cache, public, must-revalidate, max-age=2592000
                                    [cf-cache-status] => DYNAMIC
                                    [cf-request-id] => 09b580a46a000074cb43974000000001
                                    [expect-ct] => max-age=604800, report-uri="https://report-uri.cloudflare.com/cdn-cgi/beacon/expect-ct"
                                    [server] => cloudflare
                                    [cf-ray] => 646903b3d9c774cb-IAD
                                    [alt-svc] => h3-27=":443"; ma=86400, h3-28=":443"; ma=86400, h3-29=":443"; ma=86400
                                )

                        )

                    [Body] => Webhook body is not logged unless WP_DEBUG mode is turned on. This is to avoid the storing of personal data in the logs.
                )

        )

)

2021-04-27T15:16:54+00:00 INFO Array
(
    [Webhook Delivery] => Array
        (
            [Delivery ID] => d5af9aa49d7aa2b1b5874d40b4adc0a9
            [Date] => 27 de abril de 2021 @ 15:16
            [URL] => https://www.bling.com.br/Api/v2/webhook/woocommerce/203611302/orders
            [Duration] => 0.27751
            [Request] => Array
                (
                    [Method] => POST
                    [Headers] => Array
                        (
                            [User-Agent] => WooCommerce/5.2.2 Hookshot (WordPress/5.7.1)
                            [Content-Type] => application/json
                            [X-WC-Webhook-Source] => https://cspcursos.online/
                            [X-WC-Webhook-Topic] => order.updated
                            [X-WC-Webhook-Resource] => order
                            [X-WC-Webhook-Event] => updated
                            [X-WC-Webhook-Signature] => pv+n06i6nPEKVpz/ghh5SuFSivuWKV1KmVGfmocy4Go=
                            [X-WC-Webhook-ID] => 4
                            [X-WC-Webhook-Delivery-ID] => d5af9aa49d7aa2b1b5874d40b4adc0a9
                        )

                )

            [Body] => Webhook body is not logged unless WP_DEBUG mode is turned on. This is to avoid the storing of personal data in the logs.
            [Response] => Array
                (
                    [Code] => 200
                    [Message] => OK
                    [Headers] => Requests_Utility_CaseInsensitiveDictionary Object
                        (
                            [data:protected] => Array
                                (
                                    [date] => Tue, 27 Apr 2021 15:16:54 GMT
                                    [content-type] => application/xml
                                    [content-length] => 179
                                    [set-cookie] => __cfduid=d0b1d494e5308383dca08bcd199afc5ba1619536613; expires=Thu, 27-May-21 15:16:53 GMT; path=/; domain=.bling.com.br; HttpOnly; SameSite=Lax
                                    [content-encoding] => gzip
                                    [vary] => Accept-Encoding
                                    [cache-control] => no-cache, public, must-revalidate, max-age=2592000
                                    [cf-cache-status] => DYNAMIC
                                    [cf-request-id] => 09b580a9fb0000c18e6eb6b000000001
                                    [expect-ct] => max-age=604800, report-uri="https://report-uri.cloudflare.com/cdn-cgi/beacon/expect-ct"
                                    [server] => cloudflare
                                    [cf-ray] => 646903bccb77c18e-IAD
                                    [alt-svc] => h3-27=":443"; ma=86400, h3-28=":443"; ma=86400, h3-29=":443"; ma=86400
                                )

                        )

                    [Body] => Webhook body is not logged unless WP_DEBUG mode is turned on. This is to avoid the storing of personal data in the logs.
                )

        )

)

