2021-04-19T16:23:40+00:00 INFO Array
(
    [Webhook Delivery] => Array
        (
            [Delivery ID] => 133196dfb11d9d6fb0b4c6ae0d665052
            [Date] => 19 de abril de 2021 @ 16:23
            [URL] => https://www.bling.com.br/Api/v2/webhook/woocommerce/203611302/orders
            [Duration] => 5.19028
            [Request] => Array
                (
                    [Method] => POST
                    [Headers] => Array
                        (
                            [User-Agent] => WooCommerce/5.2.2 Hookshot (WordPress/5.6.3)
                            [Content-Type] => application/json
                            [X-WC-Webhook-Source] => https://cspcursos.online/
                            [X-WC-Webhook-Topic] => order.created
                            [X-WC-Webhook-Resource] => order
                            [X-WC-Webhook-Event] => created
                            [X-WC-Webhook-Signature] => yiW4AreAaHR1/+Iu5yFT6pfJXFcKN91MY59JVSymG+w=
                            [X-WC-Webhook-ID] => 7
                            [X-WC-Webhook-Delivery-ID] => 133196dfb11d9d6fb0b4c6ae0d665052
                        )

                )

            [Body] => Webhook body is not logged unless WP_DEBUG mode is turned on. This is to avoid the storing of personal data in the logs.
            [Response] => Array
                (
                    [Code] => 200
                    [Message] => OK
                    [Headers] => Requests_Utility_CaseInsensitiveDictionary Object
                        (
                            [data:protected] => Array
                                (
                                    [date] => Mon, 19 Apr 2021 16:23:40 GMT
                                    [content-type] => application/xml
                                    [content-length] => 178
                                    [set-cookie] => __cfduid=d24b4163758ff0f7cc11232c898c4e72b1618849415; expires=Wed, 19-May-21 16:23:35 GMT; path=/; domain=.bling.com.br; HttpOnly; SameSite=Lax
                                    [content-encoding] => gzip
                                    [vary] => Accept-Encoding
                                    [cache-control] => no-cache, public, must-revalidate, max-age=2592000
                                    [cf-cache-status] => DYNAMIC
                                    [cf-request-id] => 098c8ad8cc00005797aeb9b000000001
                                    [expect-ct] => max-age=604800, report-uri="https://report-uri.cloudflare.com/cdn-cgi/beacon/expect-ct"
                                    [server] => cloudflare
                                    [cf-ray] => 64277a6e1fae5797-IAD
                                    [alt-svc] => h3-27=":443"; ma=86400, h3-28=":443"; ma=86400, h3-29=":443"; ma=86400
                                )

                        )

                    [Body] => Webhook body is not logged unless WP_DEBUG mode is turned on. This is to avoid the storing of personal data in the logs.
                )

        )

)

2021-04-19T16:23:40+00:00 INFO Array
(
    [Webhook Delivery] => Array
        (
            [Delivery ID] => d9ea58c6538bcb60ccad37e7d18f16e1
            [Date] => 19 de abril de 2021 @ 16:23
            [URL] => https://www.bling.com.br/Api/v2/webhook/woocommerce/203611302/orders
            [Duration] => 0.32193
            [Request] => Array
                (
                    [Method] => POST
                    [Headers] => Array
                        (
                            [User-Agent] => WooCommerce/5.2.2 Hookshot (WordPress/5.6.3)
                            [Content-Type] => application/json
                            [X-WC-Webhook-Source] => https://cspcursos.online/
                            [X-WC-Webhook-Topic] => order.created
                            [X-WC-Webhook-Resource] => order
                            [X-WC-Webhook-Event] => created
                            [X-WC-Webhook-Signature] => pjgkHFIEs0Itl06xLJtUTYgQfuk01XCfowdBmHB85AY=
                            [X-WC-Webhook-ID] => 3
                            [X-WC-Webhook-Delivery-ID] => d9ea58c6538bcb60ccad37e7d18f16e1
                        )

                )

            [Body] => Webhook body is not logged unless WP_DEBUG mode is turned on. This is to avoid the storing of personal data in the logs.
            [Response] => Array
                (
                    [Code] => 200
                    [Message] => OK
                    [Headers] => Requests_Utility_CaseInsensitiveDictionary Object
                        (
                            [data:protected] => Array
                                (
                                    [date] => Mon, 19 Apr 2021 16:23:40 GMT
                                    [content-type] => application/xml
                                    [content-length] => 179
                                    [set-cookie] => __cfduid=dccd6e474585d736a883476e94ed54a911618849420; expires=Wed, 19-May-21 16:23:40 GMT; path=/; domain=.bling.com.br; HttpOnly; SameSite=Lax
                                    [content-encoding] => gzip
                                    [vary] => Accept-Encoding
                                    [cache-control] => no-cache, public, must-revalidate, max-age=2592000
                                    [cf-cache-status] => DYNAMIC
                                    [cf-request-id] => 098c8aec000000e0e6eebff000000001
                                    [expect-ct] => max-age=604800, report-uri="https://report-uri.cloudflare.com/cdn-cgi/beacon/expect-ct"
                                    [server] => cloudflare
                                    [cf-ray] => 64277a8ccf85e0e6-IAD
                                    [alt-svc] => h3-27=":443"; ma=86400, h3-28=":443"; ma=86400, h3-29=":443"; ma=86400
                                )

                        )

                    [Body] => Webhook body is not logged unless WP_DEBUG mode is turned on. This is to avoid the storing of personal data in the logs.
                )

        )

)

2021-04-19T16:23:40+00:00 INFO Array
(
    [Webhook Delivery] => Array
        (
            [Delivery ID] => ed2bf01013f1b1b717eae6c64212a6aa
            [Date] => 19 de abril de 2021 @ 16:23
            [URL] => https://www.bling.com.br/Api/v2/webhook/woocommerce/203611302/orders
            [Duration] => 0.32935
            [Request] => Array
                (
                    [Method] => POST
                    [Headers] => Array
                        (
                            [User-Agent] => WooCommerce/5.2.2 Hookshot (WordPress/5.6.3)
                            [Content-Type] => application/json
                            [X-WC-Webhook-Source] => https://cspcursos.online/
                            [X-WC-Webhook-Topic] => order.updated
                            [X-WC-Webhook-Resource] => order
                            [X-WC-Webhook-Event] => updated
                            [X-WC-Webhook-Signature] => iv2aWHZvLj02Lv9hLwVQHh4TFELvkGuUBBp5ixKv4AY=
                            [X-WC-Webhook-ID] => 8
                            [X-WC-Webhook-Delivery-ID] => ed2bf01013f1b1b717eae6c64212a6aa
                        )

                )

            [Body] => Webhook body is not logged unless WP_DEBUG mode is turned on. This is to avoid the storing of personal data in the logs.
            [Response] => Array
                (
                    [Code] => 200
                    [Message] => OK
                    [Headers] => Requests_Utility_CaseInsensitiveDictionary Object
                        (
                            [data:protected] => Array
                                (
                                    [date] => Mon, 19 Apr 2021 16:23:40 GMT
                                    [content-type] => application/xml
                                    [content-length] => 177
                                    [set-cookie] => __cfduid=d0afba126a72d962089c098acb7258edf1618849420; expires=Wed, 19-May-21 16:23:40 GMT; path=/; domain=.bling.com.br; HttpOnly; SameSite=Lax
                                    [content-encoding] => gzip
                                    [vary] => Accept-Encoding
                                    [cache-control] => no-cache, public, must-revalidate, max-age=2592000
                                    [cf-cache-status] => DYNAMIC
                                    [cf-request-id] => 098c8aed4600005ee4663f1000000001
                                    [expect-ct] => max-age=604800, report-uri="https://report-uri.cloudflare.com/cdn-cgi/beacon/expect-ct"
                                    [server] => cloudflare
                                    [cf-ray] => 64277a8edf2e5ee4-IAD
                                    [alt-svc] => h3-27=":443"; ma=86400, h3-28=":443"; ma=86400, h3-29=":443"; ma=86400
                                )

                        )

                    [Body] => Webhook body is not logged unless WP_DEBUG mode is turned on. This is to avoid the storing of personal data in the logs.
                )

        )

)

2021-04-19T16:23:41+00:00 INFO Array
(
    [Webhook Delivery] => Array
        (
            [Delivery ID] => b9523633e9a54c1208eef8680e42cd7e
            [Date] => 19 de abril de 2021 @ 16:23
            [URL] => https://www.bling.com.br/Api/v2/webhook/woocommerce/203611302/orders
            [Duration] => 0.30418
            [Request] => Array
                (
                    [Method] => POST
                    [Headers] => Array
                        (
                            [User-Agent] => WooCommerce/5.2.2 Hookshot (WordPress/5.6.3)
                            [Content-Type] => application/json
                            [X-WC-Webhook-Source] => https://cspcursos.online/
                            [X-WC-Webhook-Topic] => order.updated
                            [X-WC-Webhook-Resource] => order
                            [X-WC-Webhook-Event] => updated
                            [X-WC-Webhook-Signature] => QyS9ab0JByylpLDmgSEZcZPTllZHqviK4iTfl8CB0Ys=
                            [X-WC-Webhook-ID] => 4
                            [X-WC-Webhook-Delivery-ID] => b9523633e9a54c1208eef8680e42cd7e
                        )

                )

            [Body] => Webhook body is not logged unless WP_DEBUG mode is turned on. This is to avoid the storing of personal data in the logs.
            [Response] => Array
                (
                    [Code] => 200
                    [Message] => OK
                    [Headers] => Requests_Utility_CaseInsensitiveDictionary Object
                        (
                            [data:protected] => Array
                                (
                                    [date] => Mon, 19 Apr 2021 16:23:41 GMT
                                    [content-type] => application/xml
                                    [content-length] => 179
                                    [set-cookie] => __cfduid=defb7b93c2171e3a635af6151a630ac981618849420; expires=Wed, 19-May-21 16:23:40 GMT; path=/; domain=.bling.com.br; HttpOnly; SameSite=Lax
                                    [content-encoding] => gzip
                                    [vary] => Accept-Encoding
                                    [cache-control] => no-cache, public, must-revalidate, max-age=2592000
                                    [cf-cache-status] => DYNAMIC
                                    [cf-request-id] => 098c8aee9600005a2817aae000000001
                                    [expect-ct] => max-age=604800, report-uri="https://report-uri.cloudflare.com/cdn-cgi/beacon/expect-ct"
                                    [server] => cloudflare
                                    [cf-ray] => 64277a90eefc5a28-IAD
                                    [alt-svc] => h3-27=":443"; ma=86400, h3-28=":443"; ma=86400, h3-29=":443"; ma=86400
                                )

                        )

                    [Body] => Webhook body is not logged unless WP_DEBUG mode is turned on. This is to avoid the storing of personal data in the logs.
                )

        )

)

2021-04-19T19:09:05+00:00 INFO Array
(
    [Webhook Delivery] => Array
        (
            [Delivery ID] => ce0c407bbe8a5c7d0593d43f95ae65ff
            [Date] => 19 de abril de 2021 @ 19:09
            [URL] => https://www.bling.com.br/Api/v2/webhook/woocommerce/203611302/orders
            [Duration] => 5.07946
            [Request] => Array
                (
                    [Method] => POST
                    [Headers] => Array
                        (
                            [User-Agent] => WooCommerce/5.2.2 Hookshot (WordPress/5.6.3)
                            [Content-Type] => application/json
                            [X-WC-Webhook-Source] => https://cspcursos.online/
                            [X-WC-Webhook-Topic] => order.created
                            [X-WC-Webhook-Resource] => order
                            [X-WC-Webhook-Event] => created
                            [X-WC-Webhook-Signature] => nS0S3R8GzfiooUmgzrKxAz6LEO7cOhqQTmRZFopC02w=
                            [X-WC-Webhook-ID] => 7
                            [X-WC-Webhook-Delivery-ID] => ce0c407bbe8a5c7d0593d43f95ae65ff
                        )

                )

            [Body] => Webhook body is not logged unless WP_DEBUG mode is turned on. This is to avoid the storing of personal data in the logs.
            [Response] => Array
                (
                    [Code] => 200
                    [Message] => OK
                    [Headers] => Requests_Utility_CaseInsensitiveDictionary Object
                        (
                            [data:protected] => Array
                                (
                                    [date] => Mon, 19 Apr 2021 19:09:05 GMT
                                    [content-type] => application/xml
                                    [content-length] => 182
                                    [set-cookie] => __cfduid=da15ad6ea2e43b1de3a71e2c302dc44551618859340; expires=Wed, 19-May-21 19:09:00 GMT; path=/; domain=.bling.com.br; HttpOnly; SameSite=Lax
                                    [content-encoding] => gzip
                                    [vary] => Accept-Encoding
                                    [cache-control] => no-cache, public, must-revalidate, max-age=2592000
                                    [cf-cache-status] => DYNAMIC
                                    [cf-request-id] => 098d224a4a0000579613103000000001
                                    [expect-ct] => max-age=604800, report-uri="https://report-uri.cloudflare.com/cdn-cgi/beacon/expect-ct"
                                    [server] => cloudflare
                                    [cf-ray] => 64286cbd48fd5796-IAD
                                    [alt-svc] => h3-27=":443"; ma=86400, h3-28=":443"; ma=86400, h3-29=":443"; ma=86400
                                )

                        )

                    [Body] => Webhook body is not logged unless WP_DEBUG mode is turned on. This is to avoid the storing of personal data in the logs.
                )

        )

)

2021-04-19T19:09:05+00:00 INFO Array
(
    [Webhook Delivery] => Array
        (
            [Delivery ID] => 9654e2bf380e608d3818f398dd1dadfd
            [Date] => 19 de abril de 2021 @ 19:09
            [URL] => https://www.bling.com.br/Api/v2/webhook/woocommerce/203611302/orders
            [Duration] => 0.3157
            [Request] => Array
                (
                    [Method] => POST
                    [Headers] => Array
                        (
                            [User-Agent] => WooCommerce/5.2.2 Hookshot (WordPress/5.6.3)
                            [Content-Type] => application/json
                            [X-WC-Webhook-Source] => https://cspcursos.online/
                            [X-WC-Webhook-Topic] => order.created
                            [X-WC-Webhook-Resource] => order
                            [X-WC-Webhook-Event] => created
                            [X-WC-Webhook-Signature] => KDyO2h2/fzyIL3Tn+GQ2OGohXL/TXQBqvdg+VbGR//E=
                            [X-WC-Webhook-ID] => 3
                            [X-WC-Webhook-Delivery-ID] => 9654e2bf380e608d3818f398dd1dadfd
                        )

                )

            [Body] => Webhook body is not logged unless WP_DEBUG mode is turned on. This is to avoid the storing of personal data in the logs.
            [Response] => Array
                (
                    [Code] => 200
                    [Message] => OK
                    [Headers] => Requests_Utility_CaseInsensitiveDictionary Object
                        (
                            [data:protected] => Array
                                (
                                    [date] => Mon, 19 Apr 2021 19:09:05 GMT
                                    [content-type] => application/xml
                                    [content-length] => 179
                                    [set-cookie] => __cfduid=d312eeb8cb5efa6d8541cddefc42af2121618859345; expires=Wed, 19-May-21 19:09:05 GMT; path=/; domain=.bling.com.br; HttpOnly; SameSite=Lax
                                    [content-encoding] => gzip
                                    [vary] => Accept-Encoding
                                    [cache-control] => no-cache, public, must-revalidate, max-age=2592000
                                    [cf-cache-status] => DYNAMIC
                                    [cf-request-id] => 098d225da700005b4182925000000001
                                    [expect-ct] => max-age=604800, report-uri="https://report-uri.cloudflare.com/cdn-cgi/beacon/expect-ct"
                                    [server] => cloudflare
                                    [cf-ray] => 64286cdc3c7f5b41-IAD
                                    [alt-svc] => h3-27=":443"; ma=86400, h3-28=":443"; ma=86400, h3-29=":443"; ma=86400
                                )

                        )

                    [Body] => Webhook body is not logged unless WP_DEBUG mode is turned on. This is to avoid the storing of personal data in the logs.
                )

        )

)

2021-04-19T19:09:05+00:00 INFO Array
(
    [Webhook Delivery] => Array
        (
            [Delivery ID] => aa7d68a2abdfd103f5c25827b7e025fe
            [Date] => 19 de abril de 2021 @ 19:09
            [URL] => https://www.bling.com.br/Api/v2/webhook/woocommerce/203611302/orders
            [Duration] => 0.33056
            [Request] => Array
                (
                    [Method] => POST
                    [Headers] => Array
                        (
                            [User-Agent] => WooCommerce/5.2.2 Hookshot (WordPress/5.6.3)
                            [Content-Type] => application/json
                            [X-WC-Webhook-Source] => https://cspcursos.online/
                            [X-WC-Webhook-Topic] => order.updated
                            [X-WC-Webhook-Resource] => order
                            [X-WC-Webhook-Event] => updated
                            [X-WC-Webhook-Signature] => K8QjGgy9sZjRANnr3XV/1j8wk5p8qSfUARnukC4JCCY=
                            [X-WC-Webhook-ID] => 8
                            [X-WC-Webhook-Delivery-ID] => aa7d68a2abdfd103f5c25827b7e025fe
                        )

                )

            [Body] => Webhook body is not logged unless WP_DEBUG mode is turned on. This is to avoid the storing of personal data in the logs.
            [Response] => Array
                (
                    [Code] => 200
                    [Message] => OK
                    [Headers] => Requests_Utility_CaseInsensitiveDictionary Object
                        (
                            [data:protected] => Array
                                (
                                    [date] => Mon, 19 Apr 2021 19:09:05 GMT
                                    [content-type] => application/xml
                                    [content-length] => 178
                                    [set-cookie] => __cfduid=dc9bb31baa14ed6f75c99883c16fc226b1618859345; expires=Wed, 19-May-21 19:09:05 GMT; path=/; domain=.bling.com.br; HttpOnly; SameSite=Lax
                                    [content-encoding] => gzip
                                    [vary] => Accept-Encoding
                                    [cache-control] => no-cache, public, must-revalidate, max-age=2592000
                                    [cf-cache-status] => DYNAMIC
                                    [cf-request-id] => 098d225edc00005a27bdae3000000001
                                    [expect-ct] => max-age=604800, report-uri="https://report-uri.cloudflare.com/cdn-cgi/beacon/expect-ct"
                                    [server] => cloudflare
                                    [cf-ray] => 64286cde28745a27-IAD
                                    [alt-svc] => h3-27=":443"; ma=86400, h3-28=":443"; ma=86400, h3-29=":443"; ma=86400
                                )

                        )

                    [Body] => Webhook body is not logged unless WP_DEBUG mode is turned on. This is to avoid the storing of personal data in the logs.
                )

        )

)

2021-04-19T19:09:06+00:00 INFO Array
(
    [Webhook Delivery] => Array
        (
            [Delivery ID] => f84907386a40968a60ac69f0c42950c7
            [Date] => 19 de abril de 2021 @ 19:09
            [URL] => https://www.bling.com.br/Api/v2/webhook/woocommerce/203611302/orders
            [Duration] => 0.75125
            [Request] => Array
                (
                    [Method] => POST
                    [Headers] => Array
                        (
                            [User-Agent] => WooCommerce/5.2.2 Hookshot (WordPress/5.6.3)
                            [Content-Type] => application/json
                            [X-WC-Webhook-Source] => https://cspcursos.online/
                            [X-WC-Webhook-Topic] => order.updated
                            [X-WC-Webhook-Resource] => order
                            [X-WC-Webhook-Event] => updated
                            [X-WC-Webhook-Signature] => 9FSS1HEUiRa0NCqsPOmA2rlzpE9P3YaY+8mi5hbkKns=
                            [X-WC-Webhook-ID] => 4
                            [X-WC-Webhook-Delivery-ID] => f84907386a40968a60ac69f0c42950c7
                        )

                )

            [Body] => Webhook body is not logged unless WP_DEBUG mode is turned on. This is to avoid the storing of personal data in the logs.
            [Response] => Array
                (
                    [Code] => 200
                    [Message] => OK
                    [Headers] => Requests_Utility_CaseInsensitiveDictionary Object
                        (
                            [data:protected] => Array
                                (
                                    [date] => Mon, 19 Apr 2021 19:09:06 GMT
                                    [content-type] => application/xml
                                    [content-length] => 179
                                    [set-cookie] => __cfduid=db44794cf3cf0bc12b74f2e6e61173ac61618859345; expires=Wed, 19-May-21 19:09:05 GMT; path=/; domain=.bling.com.br; HttpOnly; SameSite=Lax
                                    [content-encoding] => gzip
                                    [vary] => Accept-Encoding
                                    [cache-control] => no-cache, public, must-revalidate, max-age=2592000
                                    [cf-cache-status] => DYNAMIC
                                    [cf-request-id] => 098d22602d00005e7e50972000000001
                                    [expect-ct] => max-age=604800, report-uri="https://report-uri.cloudflare.com/cdn-cgi/beacon/expect-ct"
                                    [server] => cloudflare
                                    [cf-ray] => 64286ce04b215e7e-IAD
                                    [alt-svc] => h3-27=":443"; ma=86400, h3-28=":443"; ma=86400, h3-29=":443"; ma=86400
                                )

                        )

                    [Body] => Webhook body is not logged unless WP_DEBUG mode is turned on. This is to avoid the storing of personal data in the logs.
                )

        )

)

2021-04-19T20:15:57+00:00 INFO Array
(
    [Webhook Delivery] => Array
        (
            [Delivery ID] => 825e147ec366b5e8041da1369968845c
            [Date] => 19 de abril de 2021 @ 20:15
            [URL] => https://www.bling.com.br/Api/v2/webhook/woocommerce/203611302/orders
            [Duration] => 6.14852
            [Request] => Array
                (
                    [Method] => POST
                    [Headers] => Array
                        (
                            [User-Agent] => WooCommerce/5.2.2 Hookshot (WordPress/5.6.3)
                            [Content-Type] => application/json
                            [X-WC-Webhook-Source] => https://cspcursos.online/
                            [X-WC-Webhook-Topic] => order.created
                            [X-WC-Webhook-Resource] => order
                            [X-WC-Webhook-Event] => created
                            [X-WC-Webhook-Signature] => lO68i4Pl+iySWfc1tME73sis0UBTS8toIshm3FRyeSI=
                            [X-WC-Webhook-ID] => 7
                            [X-WC-Webhook-Delivery-ID] => 825e147ec366b5e8041da1369968845c
                        )

                )

            [Body] => Webhook body is not logged unless WP_DEBUG mode is turned on. This is to avoid the storing of personal data in the logs.
            [Response] => Array
                (
                    [Code] => 200
                    [Message] => OK
                    [Headers] => Requests_Utility_CaseInsensitiveDictionary Object
                        (
                            [data:protected] => Array
                                (
                                    [date] => Mon, 19 Apr 2021 20:15:57 GMT
                                    [content-type] => application/xml
                                    [content-length] => 178
                                    [set-cookie] => __cfduid=d27a11992e5bd40bd4760f249c75fbaf31618863352; expires=Wed, 19-May-21 20:15:52 GMT; path=/; domain=.bling.com.br; HttpOnly; SameSite=Lax
                                    [content-encoding] => gzip
                                    [vary] => Accept-Encoding
                                    [cache-control] => no-cache, public, must-revalidate, max-age=2592000
                                    [cf-cache-status] => DYNAMIC
                                    [cf-request-id] => 098d5f80ba00005ecc93952000000001
                                    [expect-ct] => max-age=604800, report-uri="https://report-uri.cloudflare.com/cdn-cgi/beacon/expect-ct"
                                    [server] => cloudflare
                                    [cf-ray] => 6428ceadfcb55ecc-IAD
                                    [alt-svc] => h3-27=":443"; ma=86400, h3-28=":443"; ma=86400, h3-29=":443"; ma=86400
                                )

                        )

                    [Body] => Webhook body is not logged unless WP_DEBUG mode is turned on. This is to avoid the storing of personal data in the logs.
                )

        )

)

2021-04-19T20:15:58+00:00 INFO Array
(
    [Webhook Delivery] => Array
        (
            [Delivery ID] => bcf46c63929ac656c9d3421cca1af60b
            [Date] => 19 de abril de 2021 @ 20:15
            [URL] => https://www.bling.com.br/Api/v2/webhook/woocommerce/203611302/orders
            [Duration] => 0.35478
            [Request] => Array
                (
                    [Method] => POST
                    [Headers] => Array
                        (
                            [User-Agent] => WooCommerce/5.2.2 Hookshot (WordPress/5.6.3)
                            [Content-Type] => application/json
                            [X-WC-Webhook-Source] => https://cspcursos.online/
                            [X-WC-Webhook-Topic] => order.created
                            [X-WC-Webhook-Resource] => order
                            [X-WC-Webhook-Event] => created
                            [X-WC-Webhook-Signature] => +0ccbCDrxJ+jTSRoplu2yKwmDJ4P7+H5RclyAO3owq0=
                            [X-WC-Webhook-ID] => 3
                            [X-WC-Webhook-Delivery-ID] => bcf46c63929ac656c9d3421cca1af60b
                        )

                )

            [Body] => Webhook body is not logged unless WP_DEBUG mode is turned on. This is to avoid the storing of personal data in the logs.
            [Response] => Array
                (
                    [Code] => 200
                    [Message] => OK
                    [Headers] => Requests_Utility_CaseInsensitiveDictionary Object
                        (
                            [data:protected] => Array
                                (
                                    [date] => Mon, 19 Apr 2021 20:15:58 GMT
                                    [content-type] => application/xml
                                    [content-length] => 179
                                    [set-cookie] => __cfduid=ddbb5a9f24fc4f20dec04f6ae7d11112a1618863358; expires=Wed, 19-May-21 20:15:58 GMT; path=/; domain=.bling.com.br; HttpOnly; SameSite=Lax
                                    [content-encoding] => gzip
                                    [vary] => Accept-Encoding
                                    [cache-control] => no-cache, public, must-revalidate, max-age=2592000
                                    [cf-cache-status] => DYNAMIC
                                    [cf-request-id] => 098d5f984f000059fed1989000000001
                                    [expect-ct] => max-age=604800, report-uri="https://report-uri.cloudflare.com/cdn-cgi/beacon/expect-ct"
                                    [server] => cloudflare
                                    [cf-ray] => 6428ced3b97c59fe-IAD
                                    [alt-svc] => h3-27=":443"; ma=86400, h3-28=":443"; ma=86400, h3-29=":443"; ma=86400
                                )

                        )

                    [Body] => Webhook body is not logged unless WP_DEBUG mode is turned on. This is to avoid the storing of personal data in the logs.
                )

        )

)

2021-04-19T20:15:58+00:00 INFO Array
(
    [Webhook Delivery] => Array
        (
            [Delivery ID] => 7c09806636278ec6fc6605cbeba4aa0a
            [Date] => 19 de abril de 2021 @ 20:15
            [URL] => https://www.bling.com.br/Api/v2/webhook/woocommerce/203611302/orders
            [Duration] => 0.30106
            [Request] => Array
                (
                    [Method] => POST
                    [Headers] => Array
                        (
                            [User-Agent] => WooCommerce/5.2.2 Hookshot (WordPress/5.6.3)
                            [Content-Type] => application/json
                            [X-WC-Webhook-Source] => https://cspcursos.online/
                            [X-WC-Webhook-Topic] => order.updated
                            [X-WC-Webhook-Resource] => order
                            [X-WC-Webhook-Event] => updated
                            [X-WC-Webhook-Signature] => L6ND6uOEJds1OvEVkSL7+toYETFv+j7AzMD3BbQg87c=
                            [X-WC-Webhook-ID] => 8
                            [X-WC-Webhook-Delivery-ID] => 7c09806636278ec6fc6605cbeba4aa0a
                        )

                )

            [Body] => Webhook body is not logged unless WP_DEBUG mode is turned on. This is to avoid the storing of personal data in the logs.
            [Response] => Array
                (
                    [Code] => 200
                    [Message] => OK
                    [Headers] => Requests_Utility_CaseInsensitiveDictionary Object
                        (
                            [data:protected] => Array
                                (
                                    [date] => Mon, 19 Apr 2021 20:15:58 GMT
                                    [content-type] => application/xml
                                    [content-length] => 178
                                    [set-cookie] => __cfduid=dda31cb60f6d4d3a91a858d3201eff1281618863358; expires=Wed, 19-May-21 20:15:58 GMT; path=/; domain=.bling.com.br; HttpOnly; SameSite=Lax
                                    [content-encoding] => gzip
                                    [vary] => Accept-Encoding
                                    [cache-control] => no-cache, public, must-revalidate, max-age=2592000
                                    [cf-cache-status] => DYNAMIC
                                    [cf-request-id] => 098d5f99a80000380c488b1000000001
                                    [expect-ct] => max-age=604800, report-uri="https://report-uri.cloudflare.com/cdn-cgi/beacon/expect-ct"
                                    [server] => cloudflare
                                    [cf-ray] => 6428ced5dd57380c-IAD
                                    [alt-svc] => h3-27=":443"; ma=86400, h3-28=":443"; ma=86400, h3-29=":443"; ma=86400
                                )

                        )

                    [Body] => Webhook body is not logged unless WP_DEBUG mode is turned on. This is to avoid the storing of personal data in the logs.
                )

        )

)

2021-04-19T20:15:58+00:00 INFO Array
(
    [Webhook Delivery] => Array
        (
            [Delivery ID] => 64cd375f101cb2a0135733ffba57dda8
            [Date] => 19 de abril de 2021 @ 20:15
            [URL] => https://www.bling.com.br/Api/v2/webhook/woocommerce/203611302/orders
            [Duration] => 0.28475
            [Request] => Array
                (
                    [Method] => POST
                    [Headers] => Array
                        (
                            [User-Agent] => WooCommerce/5.2.2 Hookshot (WordPress/5.6.3)
                            [Content-Type] => application/json
                            [X-WC-Webhook-Source] => https://cspcursos.online/
                            [X-WC-Webhook-Topic] => order.updated
                            [X-WC-Webhook-Resource] => order
                            [X-WC-Webhook-Event] => updated
                            [X-WC-Webhook-Signature] => QGKRZ8OBewu4gEArNY2yBSqiJyTSPpN/obFhveS7++U=
                            [X-WC-Webhook-ID] => 4
                            [X-WC-Webhook-Delivery-ID] => 64cd375f101cb2a0135733ffba57dda8
                        )

                )

            [Body] => Webhook body is not logged unless WP_DEBUG mode is turned on. This is to avoid the storing of personal data in the logs.
            [Response] => Array
                (
                    [Code] => 200
                    [Message] => OK
                    [Headers] => Requests_Utility_CaseInsensitiveDictionary Object
                        (
                            [data:protected] => Array
                                (
                                    [date] => Mon, 19 Apr 2021 20:15:58 GMT
                                    [content-type] => application/xml
                                    [content-length] => 179
                                    [set-cookie] => __cfduid=d5957c17e030e2a807ae735f6c18370181618863358; expires=Wed, 19-May-21 20:15:58 GMT; path=/; domain=.bling.com.br; HttpOnly; SameSite=Lax
                                    [content-encoding] => gzip
                                    [vary] => Accept-Encoding
                                    [cache-control] => no-cache, public, must-revalidate, max-age=2592000
                                    [cf-cache-status] => DYNAMIC
                                    [cf-request-id] => 098d5f9adf0000cf0c10240000000001
                                    [expect-ct] => max-age=604800, report-uri="https://report-uri.cloudflare.com/cdn-cgi/beacon/expect-ct"
                                    [server] => cloudflare
                                    [cf-ray] => 6428ced7cebfcf0c-IAD
                                    [alt-svc] => h3-27=":443"; ma=86400, h3-28=":443"; ma=86400, h3-29=":443"; ma=86400
                                )

                        )

                    [Body] => Webhook body is not logged unless WP_DEBUG mode is turned on. This is to avoid the storing of personal data in the logs.
                )

        )

)

2021-04-19T20:23:01+00:00 INFO Array
(
    [Webhook Delivery] => Array
        (
            [Delivery ID] => f5ae3e1661b7251dec6b85b6d88cb2b0
            [Date] => 19 de abril de 2021 @ 20:23
            [URL] => https://www.bling.com.br/Api/v2/webhook/woocommerce/203611302/orders
            [Duration] => 1.00625
            [Request] => Array
                (
                    [Method] => POST
                    [Headers] => Array
                        (
                            [User-Agent] => WooCommerce/5.2.2 Hookshot (WordPress/5.6.3)
                            [Content-Type] => application/json
                            [X-WC-Webhook-Source] => https://cspcursos.online/
                            [X-WC-Webhook-Topic] => order.updated
                            [X-WC-Webhook-Resource] => order
                            [X-WC-Webhook-Event] => updated
                            [X-WC-Webhook-Signature] => Nem1Z4DdNHBllrqoRv10KA9V7PF4KZZzUaEaBeIWi2s=
                            [X-WC-Webhook-ID] => 8
                            [X-WC-Webhook-Delivery-ID] => f5ae3e1661b7251dec6b85b6d88cb2b0
                        )

                )

            [Body] => Webhook body is not logged unless WP_DEBUG mode is turned on. This is to avoid the storing of personal data in the logs.
            [Response] => Array
                (
                    [Code] => 200
                    [Message] => OK
                    [Headers] => Requests_Utility_CaseInsensitiveDictionary Object
                        (
                            [data:protected] => Array
                                (
                                    [date] => Mon, 19 Apr 2021 20:23:01 GMT
                                    [content-type] => application/xml
                                    [content-length] => 178
                                    [set-cookie] => __cfduid=ddfd317a888886ff4390a710fcfe1e9a11618863780; expires=Wed, 19-May-21 20:23:00 GMT; path=/; domain=.bling.com.br; HttpOnly; SameSite=Lax
                                    [content-encoding] => gzip
                                    [vary] => Accept-Encoding
                                    [cache-control] => no-cache, public, must-revalidate, max-age=2592000
                                    [cf-cache-status] => DYNAMIC
                                    [cf-request-id] => 098d660c460000596da708e000000001
                                    [expect-ct] => max-age=604800, report-uri="https://report-uri.cloudflare.com/cdn-cgi/beacon/expect-ct"
                                    [server] => cloudflare
                                    [cf-ray] => 6428d926df70596d-IAD
                                    [alt-svc] => h3-27=":443"; ma=86400, h3-28=":443"; ma=86400, h3-29=":443"; ma=86400
                                )

                        )

                    [Body] => Webhook body is not logged unless WP_DEBUG mode is turned on. This is to avoid the storing of personal data in the logs.
                )

        )

)

2021-04-19T20:23:01+00:00 INFO Array
(
    [Webhook Delivery] => Array
        (
            [Delivery ID] => b21c89960fa0fba62b68bac049c13399
            [Date] => 19 de abril de 2021 @ 20:23
            [URL] => https://www.bling.com.br/Api/v2/webhook/woocommerce/203611302/orders
            [Duration] => 0.29861
            [Request] => Array
                (
                    [Method] => POST
                    [Headers] => Array
                        (
                            [User-Agent] => WooCommerce/5.2.2 Hookshot (WordPress/5.6.3)
                            [Content-Type] => application/json
                            [X-WC-Webhook-Source] => https://cspcursos.online/
                            [X-WC-Webhook-Topic] => order.updated
                            [X-WC-Webhook-Resource] => order
                            [X-WC-Webhook-Event] => updated
                            [X-WC-Webhook-Signature] => muxAB4yJsHKfxPdlnnMEbChAhNF9aHl6LWpwUcSwGD8=
                            [X-WC-Webhook-ID] => 4
                            [X-WC-Webhook-Delivery-ID] => b21c89960fa0fba62b68bac049c13399
                        )

                )

            [Body] => Webhook body is not logged unless WP_DEBUG mode is turned on. This is to avoid the storing of personal data in the logs.
            [Response] => Array
                (
                    [Code] => 200
                    [Message] => OK
                    [Headers] => Requests_Utility_CaseInsensitiveDictionary Object
                        (
                            [data:protected] => Array
                                (
                                    [date] => Mon, 19 Apr 2021 20:23:01 GMT
                                    [content-type] => application/xml
                                    [content-length] => 179
                                    [set-cookie] => __cfduid=d9bc37192f0448d44a85f264e0af7c3031618863781; expires=Wed, 19-May-21 20:23:01 GMT; path=/; domain=.bling.com.br; HttpOnly; SameSite=Lax
                                    [content-encoding] => gzip
                                    [vary] => Accept-Encoding
                                    [cache-control] => no-cache, public, must-revalidate, max-age=2592000
                                    [cf-cache-status] => DYNAMIC
                                    [cf-request-id] => 098d660eef00005b1147b33000000001
                                    [expect-ct] => max-age=604800, report-uri="https://report-uri.cloudflare.com/cdn-cgi/beacon/expect-ct"
                                    [server] => cloudflare
                                    [cf-ray] => 6428d92b1d145b11-IAD
                                    [alt-svc] => h3-27=":443"; ma=86400, h3-28=":443"; ma=86400, h3-29=":443"; ma=86400
                                )

                        )

                    [Body] => Webhook body is not logged unless WP_DEBUG mode is turned on. This is to avoid the storing of personal data in the logs.
                )

        )

)

